TN:
SF:src/ejercicio-1/bubblesort.ts
FN:14,(anonymous_0)
FNF:1
FNH:1
FNDA:1,(anonymous_0)
DA:7,1
DA:15,1
DA:16,9
DA:17,81
DA:18,16
DA:22,1
LF:6
LH:6
BRDA:17,0,0,16
BRDA:17,0,1,65
BRF:2
BRH:2
end_of_record
TN:
SF:src/ejercicio-1/mergesort.ts
FN:14,(anonymous_0)
FN:23,(anonymous_1)
FN:39,(anonymous_2)
FNF:3
FNH:3
FNDA:1,(anonymous_0)
FNDA:17,(anonymous_1)
FNDA:8,(anonymous_2)
DA:7,1
DA:15,1
DA:24,17
DA:25,9
DA:27,8
DA:28,8
DA:29,8
DA:30,8
DA:40,8
DA:41,8
DA:42,8
DA:43,8
DA:44,13
DA:45,13
DA:46,13
DA:48,0
DA:49,0
DA:52,8
LF:18
LH:16
BRDA:24,0,0,9
BRDA:24,0,1,8
BRDA:43,1,0,21
BRDA:43,1,1,13
BRDA:44,2,0,13
BRDA:44,2,1,0
BRF:6
BRH:5
end_of_record
TN:
SF:src/ejercicio-1/solver.ts
FN:13,(anonymous_0)
FN:20,(anonymous_1)
FN:28,(anonymous_2)
FN:36,(anonymous_3)
FNF:4
FNH:4
FNDA:1,(anonymous_0)
FNDA:2,(anonymous_1)
FNDA:2,(anonymous_2)
FNDA:4,(anonymous_3)
DA:6,1
DA:13,1
DA:21,2
DA:22,2
DA:29,2
DA:30,2
DA:37,4
LF:7
LH:7
BRF:0
BRH:0
end_of_record
